<?xml version="1.0" encoding="UTF-8"?>
<!-- Generated by org.testng.reporters.JUnitXMLReporter -->
<testsuite hostname="IP-C6136007" name="WebDriverDemo3" tests="1" failures="0" timestamp="22 Nov 2016 09:07:25 GMT" time="0.017" errors="0">
  <testcase name="@BeforeMethod testBrowser" time="0.0" classname="firstTestSelenium.NewTest">
    <failure type="java.lang.Exception" message="Browser is not correct">
      <![CDATA[java.lang.Exception: Browser is not correct
	at firstTestSelenium.NewTest.testBrowser(NewTest.java:50)
... Removed 27 stack frames]]>
    </failure>
  </testcase> <!-- @BeforeMethod testBrowser -->
  <testcase name="f" time="0.006" classname="firstTestSelenium.NewTest">
    <skipped/>
  </testcase> <!-- f -->
</testsuite> <!-- WebDriverDemo3 -->
