<?xml version="1.0" encoding="UTF-8"?>
<!-- Generated by org.testng.reporters.JUnitXMLReporter -->
<testsuite hostname="IP-C6136007" name="WebDriverFireFox" tests="1" failures="0" timestamp="23 Nov 2016 10:21:52 GMT" time="0.003" errors="0">
  <testcase name="@BeforeTest setUp" time="0.0" classname="searchGoogle.BasePage">
    <failure type="org.testng.TestNGException" message="
Method setUp requires 1 parameters but 0 were supplied in the @Configuration annotation.">
      <![CDATA[org.testng.TestNGException: 
Method setUp requires 1 parameters but 0 were supplied in the @Configuration annotation.
... Removed 21 stack frames]]>
    </failure>
  </testcase> <!-- @BeforeTest setUp -->
  <testcase name="f" time="0.001" classname="searchGoogle.searchTest">
    <skipped/>
  </testcase> <!-- f -->
</testsuite> <!-- WebDriverFireFox -->
